This is pdfTeX, Version 3.141592653-2.6-1.40.22 (TeX Live 2021 Gentoo Linux) (preloaded format=pdflatex 2021.10.4)  11 OCT 2021 11:01
entering extended mode
 restricted \write18 enabled.
 %&-line parsing enabled.
**/home/gc/Documents/writeup/writeup
(/home/gc/Documents/writeup/writeup.tex
LaTeX2e <2020-10-01> patch level 4
L3 programming layer <2021-02-18>
(/usr/share/texmf-dist/tex/latex/base/article.cls
Document Class: article 2020/04/10 v1.4m Standard LaTeX document class
(/usr/share/texmf-dist/tex/latex/base/size10.clo
File: size10.clo 2020/04/10 v1.4m Standard LaTeX file (size option)
)
\c@part=\count179
\c@section=\count180
\c@subsection=\count181
\c@subsubsection=\count182
\c@paragraph=\count183
\c@subparagraph=\count184
\c@figure=\count185
\c@table=\count186
\abovecaptionskip=\skip47
\belowcaptionskip=\skip48
\bibindent=\dimen138
)
(/usr/share/texmf-dist/tex/latex/geometry/geometry.sty
Package: geometry 2020/01/02 v5.9 Page Geometry

(/usr/share/texmf-dist/tex/latex/graphics/keyval.sty
Package: keyval 2014/10/28 v1.15 key=value parser (DPC)
\KV@toks@=\toks15
)
(/usr/share/texmf-dist/tex/generic/iftex/ifvtex.sty
Package: ifvtex 2019/10/25 v1.7 ifvtex legacy package. Use iftex instead.

(/usr/share/texmf-dist/tex/generic/iftex/iftex.sty
Package: iftex 2020/03/06 v1.0d TeX engine tests
))
\Gm@cnth=\count187
\Gm@cntv=\count188
\c@Gm@tempcnt=\count189
\Gm@bindingoffset=\dimen139
\Gm@wd@mp=\dimen140
\Gm@odd@mp=\dimen141
\Gm@even@mp=\dimen142
\Gm@layoutwidth=\dimen143
\Gm@layoutheight=\dimen144
\Gm@layouthoffset=\dimen145
\Gm@layoutvoffset=\dimen146
\Gm@dimlist=\toks16
)
(/usr/share/texmf-dist/tex/latex/amsmath/amsmath.sty
Package: amsmath 2020/09/23 v2.17i AMS math features
\@mathmargin=\skip49

For additional information on amsmath, use the `?' option.
(/usr/share/texmf-dist/tex/latex/amsmath/amstext.sty
Package: amstext 2000/06/29 v2.01 AMS text

(/usr/share/texmf-dist/tex/latex/amsmath/amsgen.sty
File: amsgen.sty 1999/11/30 v2.0 generic functions
\@emptytoks=\toks17
\ex@=\dimen147
))
(/usr/share/texmf-dist/tex/latex/amsmath/amsbsy.sty
Package: amsbsy 1999/11/29 v1.2d Bold Symbols
\pmbraise@=\dimen148
)
(/usr/share/texmf-dist/tex/latex/amsmath/amsopn.sty
Package: amsopn 2016/03/08 v2.02 operator names
)
\inf@bad=\count190
LaTeX Info: Redefining \frac on input line 234.
\uproot@=\count191
\leftroot@=\count192
LaTeX Info: Redefining \overline on input line 399.
\classnum@=\count193
\DOTSCASE@=\count194
LaTeX Info: Redefining \ldots on input line 496.
LaTeX Info: Redefining \dots on input line 499.
LaTeX Info: Redefining \cdots on input line 620.
\Mathstrutbox@=\box47
\strutbox@=\box48
\big@size=\dimen149
LaTeX Font Info:    Redeclaring font encoding OML on input line 743.
LaTeX Font Info:    Redeclaring font encoding OMS on input line 744.
\macc@depth=\count195
\c@MaxMatrixCols=\count196
\dotsspace@=\muskip16
\c@parentequation=\count197
\dspbrk@lvl=\count198
\tag@help=\toks18
\row@=\count199
\column@=\count266
\maxfields@=\count267
\andhelp@=\toks19
\eqnshift@=\dimen150
\alignsep@=\dimen151
\tagshift@=\dimen152
\tagwidth@=\dimen153
\totwidth@=\dimen154
\lineht@=\dimen155
\@envbody=\toks20
\multlinegap=\skip50
\multlinetaggap=\skip51
\mathdisplay@stack=\toks21
LaTeX Info: Redefining \[ on input line 2923.
LaTeX Info: Redefining \] on input line 2924.
)
(/usr/share/texmf-dist/tex/latex/graphics/graphicx.sty
Package: graphicx 2020/09/09 v1.2b Enhanced LaTeX Graphics (DPC,SPQR)

(/usr/share/texmf-dist/tex/latex/graphics/graphics.sty
Package: graphics 2020/08/30 v1.4c Standard LaTeX Graphics (DPC,SPQR)

(/usr/share/texmf-dist/tex/latex/graphics/trig.sty
Package: trig 2016/01/03 v1.10 sin cos tan (DPC)
)
(/usr/share/texmf-dist/tex/latex/graphics-cfg/graphics.cfg
File: graphics.cfg 2016/06/04 v1.11 sample graphics configuration
)
Package graphics Info: Driver file: pdftex.def on input line 105.

(/usr/share/texmf-dist/tex/latex/graphics-def/pdftex.def
File: pdftex.def 2020/10/05 v1.2a Graphics/color driver for pdftex
))
\Gin@req@height=\dimen156
\Gin@req@width=\dimen157
)
(/usr/share/texmf-dist/tex/latex/pdfpages/pdfpages.sty
Package: pdfpages 2021/03/06 v0.5t Insert pages of external PDF documents (AM)

(/usr/share/texmf-dist/tex/latex/base/ifthen.sty
Package: ifthen 2014/09/29 v1.1c Standard LaTeX ifthen package (DPC)
)
(/usr/share/texmf-dist/tex/latex/tools/calc.sty
Package: calc 2017/05/25 v4.3 Infix arithmetic (KKT,FJ)
\calc@Acount=\count268
\calc@Bcount=\count269
\calc@Adimen=\dimen158
\calc@Bdimen=\dimen159
\calc@Askip=\skip52
\calc@Bskip=\skip53
LaTeX Info: Redefining \setlength on input line 80.
LaTeX Info: Redefining \addtolength on input line 81.
\calc@Ccount=\count270
\calc@Cskip=\skip54
)
(/usr/share/texmf-dist/tex/latex/eso-pic/eso-pic.sty
Package: eso-pic 2020/10/14 v3.0a eso-pic (RN)
\ESO@tempdima=\dimen160
\ESO@tempdimb=\dimen161

(/usr/share/texmf-dist/tex/latex/xcolor/xcolor.sty
Package: xcolor 2016/05/11 v2.12 LaTeX color extensions (UK)

(/usr/share/texmf-dist/tex/latex/graphics-cfg/color.cfg
File: color.cfg 2016/01/02 v1.6 sample color configuration
)
Package xcolor Info: Driver file: pdftex.def on input line 225.
Package xcolor Info: Model `cmy' substituted by `cmy0' on input line 1348.
Package xcolor Info: Model `hsb' substituted by `rgb' on input line 1352.
Package xcolor Info: Model `RGB' extended on input line 1364.
Package xcolor Info: Model `HTML' substituted by `rgb' on input line 1366.
Package xcolor Info: Model `Hsb' substituted by `hsb' on input line 1367.
Package xcolor Info: Model `tHsb' substituted by `hsb' on input line 1368.
Package xcolor Info: Model `HSB' substituted by `hsb' on input line 1369.
Package xcolor Info: Model `Gray' substituted by `gray' on input line 1370.
Package xcolor Info: Model `wave' substituted by `hsb' on input line 1371.
))
\AM@pagewidth=\dimen162
\AM@pageheight=\dimen163
\AM@fboxrule=\dimen164

(/usr/share/texmf-dist/tex/latex/pdfpages/pppdftex.def
File: pppdftex.def 2021/03/06 v0.5t Pdfpages driver for pdfTeX (AM)
)
\pdfpages@includegraphics@status=\count271
\AM@pagebox=\box49
\AM@global@opts=\toks22
\AM@pagecnt=\count272
\AM@toc@title=\toks23
\c@AM@survey=\count273
\AM@templatesizebox=\box50
)
(/usr/share/texmf-dist/tex/latex/tools/afterpage.sty
Package: afterpage 2014/10/28 v1.08 After-Page Package (DPC)
\AP@output=\toks24
\AP@partial=\box51
\AP@footins=\box52
)
(/usr/share/texmf-dist/tex/latex/l3backend/l3backend-pdftex.def
File: l3backend-pdftex.def 2021-03-18 L3 backend support: PDF output (pdfTeX)
\l__color_backend_stack_int=\count274
\l__pdf_internal_box=\box53
)
(/home/gc/Documents/writeup/writeup.aux)
\openout1 = `writeup.aux'.

LaTeX Font Info:    Checking defaults for OML/cmm/m/it on input line 13.
LaTeX Font Info:    ... okay on input line 13.
LaTeX Font Info:    Checking defaults for OMS/cmsy/m/n on input line 13.
LaTeX Font Info:    ... okay on input line 13.
LaTeX Font Info:    Checking defaults for OT1/cmr/m/n on input line 13.
LaTeX Font Info:    ... okay on input line 13.
LaTeX Font Info:    Checking defaults for T1/cmr/m/n on input line 13.
LaTeX Font Info:    ... okay on input line 13.
LaTeX Font Info:    Checking defaults for TS1/cmr/m/n on input line 13.
LaTeX Font Info:    ... okay on input line 13.
LaTeX Font Info:    Checking defaults for OMX/cmex/m/n on input line 13.
LaTeX Font Info:    ... okay on input line 13.
LaTeX Font Info:    Checking defaults for U/cmr/m/n on input line 13.
LaTeX Font Info:    ... okay on input line 13.

*geometry* driver: auto-detecting
*geometry* detected driver: pdftex
*geometry* verbose mode - [ preamble ] result:
* driver: pdftex
* paper: a4paper
* layout: <same size as paper>
* layoutoffset:(h,v)=(0.0pt,0.0pt)
* modes: 
* h-part:(L,W,R)=(72.26999pt, 452.9679pt, 72.26999pt)
* v-part:(T,H,B)=(72.26999pt, 700.50687pt, 72.26999pt)
* \paperwidth=597.50787pt
* \paperheight=845.04684pt
* \textwidth=452.9679pt
* \textheight=700.50687pt
* \oddsidemargin=0.0pt
* \evensidemargin=0.0pt
* \topmargin=-37.0pt
* \headheight=12.0pt
* \headsep=25.0pt
* \topskip=10.0pt
* \footskip=30.0pt
* \marginparwidth=65.0pt
* \marginparsep=11.0pt
* \columnsep=10.0pt
* \skip\footins=9.0pt plus 4.0pt minus 2.0pt
* \hoffset=0.0pt
* \voffset=0.0pt
* \mag=1000
* \@twocolumnfalse
* \@twosidefalse
* \@mparswitchfalse
* \@reversemarginfalse
* (1in=72.27pt=25.4mm, 1cm=28.453pt)

(/usr/share/texmf-dist/tex/context/base/mkii/supp-pdf.mkii
[Loading MPS to PDF converter (version 2006.09.02).]
\scratchcounter=\count275
\scratchdimen=\dimen165
\scratchbox=\box54
\nofMPsegments=\count276
\nofMParguments=\count277
\everyMPshowfont=\toks25
\MPscratchCnt=\count278
\MPscratchDim=\dimen166
\MPnumerator=\count279
\makeMPintoPDFobject=\count280
\everyMPtoPDFconversion=\toks26
) (/usr/share/texmf-dist/tex/latex/epstopdf-pkg/epstopdf-base.sty
Package: epstopdf-base 2020-01-24 v2.11 Base part for package epstopdf
Package epstopdf-base Info: Redefining graphics rule for `.eps' on input line 4
85.

(/usr/share/texmf-dist/tex/latex/latexconfig/epstopdf-sys.cfg
File: epstopdf-sys.cfg 2010/07/13 v1.3 Configuration of (r)epstopdf for TeX Liv
e
))
(/usr/share/texmf-dist/tex/latex/pdflscape/pdflscape.sty
Package: pdflscape 2019/12/05 v0.12 Display of landscape pages in PDF (HO)

(/usr/share/texmf-dist/tex/latex/graphics/lscape.sty
Package: lscape 2020/05/28 v3.02 Landscape Pages (DPC)
)
Package pdflscape Info: Auto-detected driver: pdftex on input line 81.
) [1

{/var/lib/texmf/fonts/map/pdftex/updmap/pdftex.map}] (/home/gc/Documents/writeu
p/writeup.toc)
\tf@toc=\write3
\openout3 = `writeup.toc'.


[2] [3]
Underfull \hbox (badness 10000) in paragraph at lines 80--85

 []


Underfull \hbox (badness 10000) in paragraph at lines 88--99

 []


Underfull \hbox (badness 10000) in paragraph at lines 102--106

 []


Underfull \hbox (badness 10000) in paragraph at lines 107--113

 []

[4]
Underfull \hbox (badness 10000) in paragraph at lines 149--150

 []

[5]

Package pdfpages Warning: Option `page' is unknow to \includepdf.
(pdfpages)                Did you mean `pages'? (Note the `s'!)
(pdfpages)                OK, I'll proceed as if it were `pages'.

<space_dust.pdf, id=24, 597.23125pt x 845.1575pt>
File: space_dust.pdf Graphic file (type pdf)
<use space_dust.pdf>
Package pdftex.def Info: space_dust.pdf  used on input line 160.
(pdftex.def)             Requested size: 597.22978pt x 845.15544pt.
File: space_dust.pdf Graphic file (type pdf)
<use space_dust.pdf>
Package pdftex.def Info: space_dust.pdf  used on input line 160.
(pdftex.def)             Requested size: 597.22978pt x 845.15544pt.
<space_dust.pdf, id=27, page=1, 597.23125pt x 845.1575pt>
File: space_dust.pdf Graphic file (type pdf)
<use space_dust.pdf, page 1>
Package pdftex.def Info: space_dust.pdf , page1 used on input line 160.
(pdftex.def)             Requested size: 597.22978pt x 845.15544pt.
File: space_dust.pdf Graphic file (type pdf)
<use space_dust.pdf, page 1>
Package pdftex.def Info: space_dust.pdf , page1 used on input line 160.
(pdftex.def)             Requested size: 537.50316pt x 760.63474pt.
[6]
File: space_dust.pdf Graphic file (type pdf)
<use space_dust.pdf, page 1>
Package pdftex.def Info: space_dust.pdf , page1 used on input line 160.
(pdftex.def)             Requested size: 537.50316pt x 760.63474pt.
File: space_dust.pdf Graphic file (type pdf)
<use space_dust.pdf, page 1>
Package pdftex.def Info: space_dust.pdf , page1 used on input line 160.
(pdftex.def)             Requested size: 537.50316pt x 760.63474pt.
File: space_dust.pdf Graphic file (type pdf)
<use space_dust.pdf, page 1>
Package pdftex.def Info: space_dust.pdf , page1 used on input line 160.
(pdftex.def)             Requested size: 537.50316pt x 760.63474pt.
 [7 </home/gc/Documents/writeup/space_dust.pdf>]
<space_dust.pdf, id=73, page=2, 597.23125pt x 845.1575pt>
File: space_dust.pdf Graphic file (type pdf)
<use space_dust.pdf, page 2>
Package pdftex.def Info: space_dust.pdf , page2 used on input line 160.
(pdftex.def)             Requested size: 537.50316pt x 760.63474pt.
File: space_dust.pdf Graphic file (type pdf)
<use space_dust.pdf, page 2>
Package pdftex.def Info: space_dust.pdf , page2 used on input line 160.
(pdftex.def)             Requested size: 537.50316pt x 760.63474pt.
File: space_dust.pdf Graphic file (type pdf)
<use space_dust.pdf, page 2>
Package pdftex.def Info: space_dust.pdf , page2 used on input line 160.
(pdftex.def)             Requested size: 537.50316pt x 760.63474pt.
 [8 </home/gc/Documents/writeup/space_dust.pdf>]
<space_dust.pdf, id=91, page=3, 597.23125pt x 845.1575pt>
File: space_dust.pdf Graphic file (type pdf)
<use space_dust.pdf, page 3>
Package pdftex.def Info: space_dust.pdf , page3 used on input line 160.
(pdftex.def)             Requested size: 537.50316pt x 760.63474pt.
File: space_dust.pdf Graphic file (type pdf)
<use space_dust.pdf, page 3>
Package pdftex.def Info: space_dust.pdf , page3 used on input line 160.
(pdftex.def)             Requested size: 537.50316pt x 760.63474pt.
File: space_dust.pdf Graphic file (type pdf)
<use space_dust.pdf, page 3>
Package pdftex.def Info: space_dust.pdf , page3 used on input line 160.
(pdftex.def)             Requested size: 537.50316pt x 760.63474pt.
 [9 </home/gc/Documents/writeup/space_dust.pdf>]
<space_dust.pdf, id=95, page=4, 597.23125pt x 845.1575pt>
File: space_dust.pdf Graphic file (type pdf)
<use space_dust.pdf, page 4>
Package pdftex.def Info: space_dust.pdf , page4 used on input line 160.
(pdftex.def)             Requested size: 537.50316pt x 760.63474pt.
File: space_dust.pdf Graphic file (type pdf)
<use space_dust.pdf, page 4>
Package pdftex.def Info: space_dust.pdf , page4 used on input line 160.
(pdftex.def)             Requested size: 537.50316pt x 760.63474pt.
File: space_dust.pdf Graphic file (type pdf)
<use space_dust.pdf, page 4>
Package pdftex.def Info: space_dust.pdf , page4 used on input line 160.
(pdftex.def)             Requested size: 537.50316pt x 760.63474pt.
 [10 </home/gc/Documents/writeup/space_dust.pdf>]
<space_dust.pdf, id=99, page=5, 597.23125pt x 845.1575pt>
File: space_dust.pdf Graphic file (type pdf)
<use space_dust.pdf, page 5>
Package pdftex.def Info: space_dust.pdf , page5 used on input line 160.
(pdftex.def)             Requested size: 537.50316pt x 760.63474pt.
File: space_dust.pdf Graphic file (type pdf)
<use space_dust.pdf, page 5>
Package pdftex.def Info: space_dust.pdf , page5 used on input line 160.
(pdftex.def)             Requested size: 537.50316pt x 760.63474pt.
File: space_dust.pdf Graphic file (type pdf)
<use space_dust.pdf, page 5>
Package pdftex.def Info: space_dust.pdf , page5 used on input line 160.
(pdftex.def)             Requested size: 537.50316pt x 760.63474pt.
 [11 </home/gc/Documents/writeup/space_dust.pdf>]
<space_dust.pdf, id=103, page=6, 597.23125pt x 845.1575pt>
File: space_dust.pdf Graphic file (type pdf)
<use space_dust.pdf, page 6>
Package pdftex.def Info: space_dust.pdf , page6 used on input line 160.
(pdftex.def)             Requested size: 537.50316pt x 760.63474pt.
File: space_dust.pdf Graphic file (type pdf)
<use space_dust.pdf, page 6>
Package pdftex.def Info: space_dust.pdf , page6 used on input line 160.
(pdftex.def)             Requested size: 537.50316pt x 760.63474pt.
File: space_dust.pdf Graphic file (type pdf)
<use space_dust.pdf, page 6>
Package pdftex.def Info: space_dust.pdf , page6 used on input line 160.
(pdftex.def)             Requested size: 537.50316pt x 760.63474pt.
 [12 </home/gc/Documents/writeup/space_dust.pdf>] [13] [14] [15]
[16]
Underfull \hbox (badness 10000) in paragraph at lines 236--241

 []


Underfull \hbox (badness 10000) in paragraph at lines 248--255

 []


Underfull \hbox (badness 10000) in paragraph at lines 256--260

 []


Underfull \hbox (badness 10000) in paragraph at lines 266--274

 []


Underfull \hbox (badness 10000) in paragraph at lines 275--280

 []

[17] [18]

Package pdfpages Warning: Option `page' is unknow to \includepdf.
(pdfpages)                Did you mean `pages'? (Note the `s'!)
(pdfpages)                OK, I'll proceed as if it were `pages'.

<infree.pdf, id=126, 597.23125pt x 845.1575pt>
File: infree.pdf Graphic file (type pdf)
<use infree.pdf>
Package pdftex.def Info: infree.pdf  used on input line 290.
(pdftex.def)             Requested size: 597.22978pt x 845.15544pt.
File: infree.pdf Graphic file (type pdf)
<use infree.pdf>
Package pdftex.def Info: infree.pdf  used on input line 290.
(pdftex.def)             Requested size: 597.22978pt x 845.15544pt.
<infree.pdf, id=129, page=1, 597.23125pt x 845.1575pt>
File: infree.pdf Graphic file (type pdf)
<use infree.pdf, page 1>
Package pdftex.def Info: infree.pdf , page1 used on input line 290.
(pdftex.def)             Requested size: 597.22978pt x 845.15544pt.
File: infree.pdf Graphic file (type pdf)
<use infree.pdf, page 1>
Package pdftex.def Info: infree.pdf , page1 used on input line 290.
(pdftex.def)             Requested size: 537.50316pt x 760.63474pt.
[19]
File: infree.pdf Graphic file (type pdf)
<use infree.pdf, page 1>
Package pdftex.def Info: infree.pdf , page1 used on input line 290.
(pdftex.def)             Requested size: 537.50316pt x 760.63474pt.
File: infree.pdf Graphic file (type pdf)
<use infree.pdf, page 1>
Package pdftex.def Info: infree.pdf , page1 used on input line 290.
(pdftex.def)             Requested size: 537.50316pt x 760.63474pt.
File: infree.pdf Graphic file (type pdf)
<use infree.pdf, page 1>
Package pdftex.def Info: infree.pdf , page1 used on input line 290.
(pdftex.def)             Requested size: 537.50316pt x 760.63474pt.
 [20 </home/gc/Documents/writeup/infree.pdf>]
<infree.pdf, id=175, page=2, 597.23125pt x 845.1575pt>
File: infree.pdf Graphic file (type pdf)
<use infree.pdf, page 2>
Package pdftex.def Info: infree.pdf , page2 used on input line 290.
(pdftex.def)             Requested size: 537.50316pt x 760.63474pt.
File: infree.pdf Graphic file (type pdf)
<use infree.pdf, page 2>
Package pdftex.def Info: infree.pdf , page2 used on input line 290.
(pdftex.def)             Requested size: 537.50316pt x 760.63474pt.
File: infree.pdf Graphic file (type pdf)
<use infree.pdf, page 2>
Package pdftex.def Info: infree.pdf , page2 used on input line 290.
(pdftex.def)             Requested size: 537.50316pt x 760.63474pt.
 [21 </home/gc/Documents/writeup/infree.pdf>]
<infree.pdf, id=186, page=3, 597.23125pt x 845.1575pt>
File: infree.pdf Graphic file (type pdf)
<use infree.pdf, page 3>
Package pdftex.def Info: infree.pdf , page3 used on input line 290.
(pdftex.def)             Requested size: 537.50316pt x 760.63474pt.
File: infree.pdf Graphic file (type pdf)
<use infree.pdf, page 3>
Package pdftex.def Info: infree.pdf , page3 used on input line 290.
(pdftex.def)             Requested size: 537.50316pt x 760.63474pt.
File: infree.pdf Graphic file (type pdf)
<use infree.pdf, page 3>
Package pdftex.def Info: infree.pdf , page3 used on input line 290.
(pdftex.def)             Requested size: 537.50316pt x 760.63474pt.
 [22 </home/gc/Documents/writeup/infree.pdf>]
<infree.pdf, id=191, page=4, 597.23125pt x 845.1575pt>
File: infree.pdf Graphic file (type pdf)
<use infree.pdf, page 4>
Package pdftex.def Info: infree.pdf , page4 used on input line 290.
(pdftex.def)             Requested size: 537.50316pt x 760.63474pt.
File: infree.pdf Graphic file (type pdf)
<use infree.pdf, page 4>
Package pdftex.def Info: infree.pdf , page4 used on input line 290.
(pdftex.def)             Requested size: 537.50316pt x 760.63474pt.
File: infree.pdf Graphic file (type pdf)
<use infree.pdf, page 4>
Package pdftex.def Info: infree.pdf , page4 used on input line 290.
(pdftex.def)             Requested size: 537.50316pt x 760.63474pt.
 [23 </home/gc/Documents/writeup/infree.pdf>]
<infree.pdf, id=195, page=5, 597.23125pt x 845.1575pt>
File: infree.pdf Graphic file (type pdf)
<use infree.pdf, page 5>
Package pdftex.def Info: infree.pdf , page5 used on input line 290.
(pdftex.def)             Requested size: 537.50316pt x 760.63474pt.
File: infree.pdf Graphic file (type pdf)
<use infree.pdf, page 5>
Package pdftex.def Info: infree.pdf , page5 used on input line 290.
(pdftex.def)             Requested size: 537.50316pt x 760.63474pt.
File: infree.pdf Graphic file (type pdf)
<use infree.pdf, page 5>
Package pdftex.def Info: infree.pdf , page5 used on input line 290.
(pdftex.def)             Requested size: 537.50316pt x 760.63474pt.
 [24 </home/gc/Documents/writeup/infree.pdf>]
<infree.pdf, id=199, page=6, 597.23125pt x 845.1575pt>
File: infree.pdf Graphic file (type pdf)
<use infree.pdf, page 6>
Package pdftex.def Info: infree.pdf , page6 used on input line 290.
(pdftex.def)             Requested size: 537.50316pt x 760.63474pt.
File: infree.pdf Graphic file (type pdf)
<use infree.pdf, page 6>
Package pdftex.def Info: infree.pdf , page6 used on input line 290.
(pdftex.def)             Requested size: 537.50316pt x 760.63474pt.
File: infree.pdf Graphic file (type pdf)
<use infree.pdf, page 6>
Package pdftex.def Info: infree.pdf , page6 used on input line 290.
(pdftex.def)             Requested size: 537.50316pt x 760.63474pt.

[25 </home/gc/Documents/writeup/infree.pdf>]
<infree.pdf, id=204, page=7, 597.23125pt x 845.1575pt>
File: infree.pdf Graphic file (type pdf)
<use infree.pdf, page 7>
Package pdftex.def Info: infree.pdf , page7 used on input line 290.
(pdftex.def)             Requested size: 537.50316pt x 760.63474pt.
File: infree.pdf Graphic file (type pdf)
<use infree.pdf, page 7>
Package pdftex.def Info: infree.pdf , page7 used on input line 290.
(pdftex.def)             Requested size: 537.50316pt x 760.63474pt.
File: infree.pdf Graphic file (type pdf)
<use infree.pdf, page 7>
Package pdftex.def Info: infree.pdf , page7 used on input line 290.
(pdftex.def)             Requested size: 537.50316pt x 760.63474pt.
 [26 </home/gc/Documents/writeup/infree.pdf>]
<infree.pdf, id=208, page=8, 597.23125pt x 845.1575pt>
File: infree.pdf Graphic file (type pdf)
<use infree.pdf, page 8>
Package pdftex.def Info: infree.pdf , page8 used on input line 290.
(pdftex.def)             Requested size: 537.50316pt x 760.63474pt.
File: infree.pdf Graphic file (type pdf)
<use infree.pdf, page 8>
Package pdftex.def Info: infree.pdf , page8 used on input line 290.
(pdftex.def)             Requested size: 537.50316pt x 760.63474pt.
File: infree.pdf Graphic file (type pdf)
<use infree.pdf, page 8>
Package pdftex.def Info: infree.pdf , page8 used on input line 290.
(pdftex.def)             Requested size: 537.50316pt x 760.63474pt.
 [27 </home/gc/Documents/writeup/infree.pdf>]
<infree.pdf, id=212, page=9, 597.23125pt x 845.1575pt>
File: infree.pdf Graphic file (type pdf)
<use infree.pdf, page 9>
Package pdftex.def Info: infree.pdf , page9 used on input line 290.
(pdftex.def)             Requested size: 537.50316pt x 760.63474pt.
File: infree.pdf Graphic file (type pdf)
<use infree.pdf, page 9>
Package pdftex.def Info: infree.pdf , page9 used on input line 290.
(pdftex.def)             Requested size: 537.50316pt x 760.63474pt.
File: infree.pdf Graphic file (type pdf)
<use infree.pdf, page 9>
Package pdftex.def Info: infree.pdf , page9 used on input line 290.
(pdftex.def)             Requested size: 537.50316pt x 760.63474pt.
 [28 </home/gc/Documents/writeup/infree.pdf>]
<infree.pdf, id=223, page=10, 597.23125pt x 845.1575pt>
File: infree.pdf Graphic file (type pdf)
<use infree.pdf, page 10>
Package pdftex.def Info: infree.pdf , page10 used on input line 290.
(pdftex.def)             Requested size: 537.50316pt x 760.63474pt.
File: infree.pdf Graphic file (type pdf)
<use infree.pdf, page 10>
Package pdftex.def Info: infree.pdf , page10 used on input line 290.
(pdftex.def)             Requested size: 537.50316pt x 760.63474pt.
File: infree.pdf Graphic file (type pdf)
<use infree.pdf, page 10>
Package pdftex.def Info: infree.pdf , page10 used on input line 290.
(pdftex.def)             Requested size: 537.50316pt x 760.63474pt.
 [29 </home/gc/Documents/writeup/infree.pdf>]
<infree.pdf, id=227, page=11, 597.23125pt x 845.1575pt>
File: infree.pdf Graphic file (type pdf)
<use infree.pdf, page 11>
Package pdftex.def Info: infree.pdf , page11 used on input line 290.
(pdftex.def)             Requested size: 537.50316pt x 760.63474pt.
File: infree.pdf Graphic file (type pdf)
<use infree.pdf, page 11>
Package pdftex.def Info: infree.pdf , page11 used on input line 290.
(pdftex.def)             Requested size: 537.50316pt x 760.63474pt.
File: infree.pdf Graphic file (type pdf)
<use infree.pdf, page 11>
Package pdftex.def Info: infree.pdf , page11 used on input line 290.
(pdftex.def)             Requested size: 537.50316pt x 760.63474pt.
 [30 </home/gc/Documents/writeup/infree.pdf>]
<infree.pdf, id=231, page=12, 597.23125pt x 845.1575pt>
File: infree.pdf Graphic file (type pdf)
<use infree.pdf, page 12>
Package pdftex.def Info: infree.pdf , page12 used on input line 290.
(pdftex.def)             Requested size: 537.50316pt x 760.63474pt.
File: infree.pdf Graphic file (type pdf)
<use infree.pdf, page 12>
Package pdftex.def Info: infree.pdf , page12 used on input line 290.
(pdftex.def)             Requested size: 537.50316pt x 760.63474pt.
File: infree.pdf Graphic file (type pdf)
<use infree.pdf, page 12>
Package pdftex.def Info: infree.pdf , page12 used on input line 290.
(pdftex.def)             Requested size: 537.50316pt x 760.63474pt.
 [31 </home/gc/Documents/writeup/infree.pdf>]
[32] [33] [34] [35] [36] [37] [38] [39] [40] [41] [42] [43] [44] [45]
Underfull \hbox (badness 10000) in paragraph at lines 353--356

 []


Underfull \hbox (badness 10000) in paragraph at lines 358--359

 []


Underfull \hbox (badness 10000) in paragraph at lines 377--384

 []


Underfull \hbox (badness 10000) in paragraph at lines 385--393

 []


Underfull \hbox (badness 10000) in paragraph at lines 394--411

 []

[46]
Underfull \hbox (badness 10000) in paragraph at lines 412--416

 []


Underfull \hbox (badness 10000) in paragraph at lines 417--423

 []


Underfull \hbox (badness 10000) in paragraph at lines 424--428

 []

[47]

Package pdfpages Warning: Option `page' is unknow to \includepdf.
(pdfpages)                Did you mean `pages'? (Note the `s'!)
(pdfpages)                OK, I'll proceed as if it were `pages'.

<wonky_steps.pdf, id=287, 597.23125pt x 845.1575pt>
File: wonky_steps.pdf Graphic file (type pdf)
<use wonky_steps.pdf>
Package pdftex.def Info: wonky_steps.pdf  used on input line 438.
(pdftex.def)             Requested size: 597.22978pt x 845.15544pt.
File: wonky_steps.pdf Graphic file (type pdf)
<use wonky_steps.pdf>
Package pdftex.def Info: wonky_steps.pdf  used on input line 438.
(pdftex.def)             Requested size: 597.22978pt x 845.15544pt.
<wonky_steps.pdf, id=290, page=1, 597.23125pt x 845.1575pt>
File: wonky_steps.pdf Graphic file (type pdf)
<use wonky_steps.pdf, page 1>
Package pdftex.def Info: wonky_steps.pdf , page1 used on input line 438.
(pdftex.def)             Requested size: 597.22978pt x 845.15544pt.
File: wonky_steps.pdf Graphic file (type pdf)
<use wonky_steps.pdf, page 1>
Package pdftex.def Info: wonky_steps.pdf , page1 used on input line 438.
(pdftex.def)             Requested size: 537.50316pt x 760.63474pt.
[48]
File: wonky_steps.pdf Graphic file (type pdf)
<use wonky_steps.pdf, page 1>
Package pdftex.def Info: wonky_steps.pdf , page1 used on input line 438.
(pdftex.def)             Requested size: 537.50316pt x 760.63474pt.
File: wonky_steps.pdf Graphic file (type pdf)
<use wonky_steps.pdf, page 1>
Package pdftex.def Info: wonky_steps.pdf , page1 used on input line 438.
(pdftex.def)             Requested size: 537.50316pt x 760.63474pt.
File: wonky_steps.pdf Graphic file (type pdf)
<use wonky_steps.pdf, page 1>
Package pdftex.def Info: wonky_steps.pdf , page1 used on input line 438.
(pdftex.def)             Requested size: 537.50316pt x 760.63474pt.
 [49 </home/gc/Documents/writeup/wonky_steps.pdf>]
<wonky_steps.pdf, id=336, page=2, 597.23125pt x 845.1575pt>
File: wonky_steps.pdf Graphic file (type pdf)
<use wonky_steps.pdf, page 2>
Package pdftex.def Info: wonky_steps.pdf , page2 used on input line 438.
(pdftex.def)             Requested size: 537.50316pt x 760.63474pt.
File: wonky_steps.pdf Graphic file (type pdf)
<use wonky_steps.pdf, page 2>
Package pdftex.def Info: wonky_steps.pdf , page2 used on input line 438.
(pdftex.def)             Requested size: 537.50316pt x 760.63474pt.
File: wonky_steps.pdf Graphic file (type pdf)
<use wonky_steps.pdf, page 2>
Package pdftex.def Info: wonky_steps.pdf , page2 used on input line 438.
(pdftex.def)             Requested size: 537.50316pt x 760.63474pt.
 [50 </home/gc/Documents/writeup/wonky_steps.pdf>]
<wonky_steps.pdf, id=347, page=3, 597.23125pt x 845.1575pt>
File: wonky_steps.pdf Graphic file (type pdf)
<use wonky_steps.pdf, page 3>
Package pdftex.def Info: wonky_steps.pdf , page3 used on input line 438.
(pdftex.def)             Requested size: 537.50316pt x 760.63474pt.
File: wonky_steps.pdf Graphic file (type pdf)
<use wonky_steps.pdf, page 3>
Package pdftex.def Info: wonky_steps.pdf , page3 used on input line 438.
(pdftex.def)             Requested size: 537.50316pt x 760.63474pt.
File: wonky_steps.pdf Graphic file (type pdf)
<use wonky_steps.pdf, page 3>
Package pdftex.def Info: wonky_steps.pdf , page3 used on input line 438.
(pdftex.def)             Requested size: 537.50316pt x 760.63474pt.
 [51 </home/gc/Documents/writeup/wonky_steps.pdf>]
<wonky_steps.pdf, id=351, page=4, 597.23125pt x 845.1575pt>
File: wonky_steps.pdf Graphic file (type pdf)
<use wonky_steps.pdf, page 4>
Package pdftex.def Info: wonky_steps.pdf , page4 used on input line 438.
(pdftex.def)             Requested size: 537.50316pt x 760.63474pt.
File: wonky_steps.pdf Graphic file (type pdf)
<use wonky_steps.pdf, page 4>
Package pdftex.def Info: wonky_steps.pdf , page4 used on input line 438.
(pdftex.def)             Requested size: 537.50316pt x 760.63474pt.
File: wonky_steps.pdf Graphic file (type pdf)
<use wonky_steps.pdf, page 4>
Package pdftex.def Info: wonky_steps.pdf , page4 used on input line 438.
(pdftex.def)             Requested size: 537.50316pt x 760.63474pt.

[52 </home/gc/Documents/writeup/wonky_steps.pdf>]
<wonky_steps.pdf, id=362, page=5, 597.23125pt x 845.1575pt>
File: wonky_steps.pdf Graphic file (type pdf)
<use wonky_steps.pdf, page 5>
Package pdftex.def Info: wonky_steps.pdf , page5 used on input line 438.
(pdftex.def)             Requested size: 537.50316pt x 760.63474pt.
File: wonky_steps.pdf Graphic file (type pdf)
<use wonky_steps.pdf, page 5>
Package pdftex.def Info: wonky_steps.pdf , page5 used on input line 438.
(pdftex.def)             Requested size: 537.50316pt x 760.63474pt.
File: wonky_steps.pdf Graphic file (type pdf)
<use wonky_steps.pdf, page 5>
Package pdftex.def Info: wonky_steps.pdf , page5 used on input line 438.
(pdftex.def)             Requested size: 537.50316pt x 760.63474pt.
 [53 </home/gc/Documents/writeup/wonky_steps.pdf>]
<wonky_steps.pdf, id=366, page=6, 597.23125pt x 845.1575pt>
File: wonky_steps.pdf Graphic file (type pdf)
<use wonky_steps.pdf, page 6>
Package pdftex.def Info: wonky_steps.pdf , page6 used on input line 438.
(pdftex.def)             Requested size: 537.50316pt x 760.63474pt.
File: wonky_steps.pdf Graphic file (type pdf)
<use wonky_steps.pdf, page 6>
Package pdftex.def Info: wonky_steps.pdf , page6 used on input line 438.
(pdftex.def)             Requested size: 537.50316pt x 760.63474pt.
File: wonky_steps.pdf Graphic file (type pdf)
<use wonky_steps.pdf, page 6>
Package pdftex.def Info: wonky_steps.pdf , page6 used on input line 438.
(pdftex.def)             Requested size: 537.50316pt x 760.63474pt.
 [54 </home/gc/Documents/writeup/wonky_steps.pdf>] [55]
[56] [57] [58] [59] [60] [61] [62] [63] [64] [65] [66] [67] [68] [69] [70]
[71] [72] [73]
<approximation.png, id=432, 853.1875pt x 719.68875pt>
File: approximation.png Graphic file (type png)
<use approximation.png>
Package pdftex.def Info: approximation.png  used on input line 492.
(pdftex.def)             Requested size: 452.9679pt x 382.1031pt.

Underfull \hbox (badness 10000) in paragraph at lines 520--534

 []

[74 </home/gc/Documents/writeup/approximation.png>]
Underfull \hbox (badness 10000) in paragraph at lines 535--558

 []


Underfull \hbox (badness 10000) in paragraph at lines 559--580

 []

[75] [76] [77] [78]

Package pdfpages Warning: Option `page' is unknow to \includepdf.
(pdfpages)                Did you mean `pages'? (Note the `s'!)
(pdfpages)                OK, I'll proceed as if it were `pages'.

<axiomatic_approximation.pdf, id=450, 597.23125pt x 845.1575pt>
File: axiomatic_approximation.pdf Graphic file (type pdf)
<use axiomatic_approximation.pdf>
Package pdftex.def Info: axiomatic_approximation.pdf  used on input line 634.
(pdftex.def)             Requested size: 597.22978pt x 845.15544pt.
File: axiomatic_approximation.pdf Graphic file (type pdf)
<use axiomatic_approximation.pdf>
Package pdftex.def Info: axiomatic_approximation.pdf  used on input line 634.
(pdftex.def)             Requested size: 597.22978pt x 845.15544pt.
<axiomatic_approximation.pdf, id=453, page=1, 597.23125pt x 845.1575pt>
File: axiomatic_approximation.pdf Graphic file (type pdf)
<use axiomatic_approximation.pdf, page 1>
Package pdftex.def Info: axiomatic_approximation.pdf , page1 used on input line
 634.
(pdftex.def)             Requested size: 597.22978pt x 845.15544pt.
File: axiomatic_approximation.pdf Graphic file (type pdf)
<use axiomatic_approximation.pdf, page 1>
Package pdftex.def Info: axiomatic_approximation.pdf , page1 used on input line
 634.
(pdftex.def)             Requested size: 537.50316pt x 760.63474pt.
[79]
File: axiomatic_approximation.pdf Graphic file (type pdf)
<use axiomatic_approximation.pdf, page 1>
Package pdftex.def Info: axiomatic_approximation.pdf , page1 used on input line
 634.
(pdftex.def)             Requested size: 537.50316pt x 760.63474pt.
File: axiomatic_approximation.pdf Graphic file (type pdf)
<use axiomatic_approximation.pdf, page 1>
Package pdftex.def Info: axiomatic_approximation.pdf , page1 used on input line
 634.
(pdftex.def)             Requested size: 537.50316pt x 760.63474pt.
File: axiomatic_approximation.pdf Graphic file (type pdf)
<use axiomatic_approximation.pdf, page 1>
Package pdftex.def Info: axiomatic_approximation.pdf , page1 used on input line
 634.
(pdftex.def)             Requested size: 537.50316pt x 760.63474pt.
 [80 </home/gc/Documents/writeup/axiomatic_approximation.pdf>]
<axiomatic_approximation.pdf, id=506, page=2, 597.23125pt x 845.1575pt>
File: axiomatic_approximation.pdf Graphic file (type pdf)
<use axiomatic_approximation.pdf, page 2>
Package pdftex.def Info: axiomatic_approximation.pdf , page2 used on input line
 634.
(pdftex.def)             Requested size: 537.50316pt x 760.63474pt.
File: axiomatic_approximation.pdf Graphic file (type pdf)
<use axiomatic_approximation.pdf, page 2>
Package pdftex.def Info: axiomatic_approximation.pdf , page2 used on input line
 634.
(pdftex.def)             Requested size: 537.50316pt x 760.63474pt.
File: axiomatic_approximation.pdf Graphic file (type pdf)
<use axiomatic_approximation.pdf, page 2>
Package pdftex.def Info: axiomatic_approximation.pdf , page2 used on input line
 634.
(pdftex.def)             Requested size: 537.50316pt x 760.63474pt.
 [81 </home/gc/Documents/writeup/axiomatic_approximation.pdf>]
<axiomatic_approximation.pdf, id=510, page=3, 597.23125pt x 845.1575pt>
File: axiomatic_approximation.pdf Graphic file (type pdf)
<use axiomatic_approximation.pdf, page 3>
Package pdftex.def Info: axiomatic_approximation.pdf , page3 used on input line
 634.
(pdftex.def)             Requested size: 537.50316pt x 760.63474pt.
File: axiomatic_approximation.pdf Graphic file (type pdf)
<use axiomatic_approximation.pdf, page 3>
Package pdftex.def Info: axiomatic_approximation.pdf , page3 used on input line
 634.
(pdftex.def)             Requested size: 537.50316pt x 760.63474pt.
File: axiomatic_approximation.pdf Graphic file (type pdf)
<use axiomatic_approximation.pdf, page 3>
Package pdftex.def Info: axiomatic_approximation.pdf , page3 used on input line
 634.
(pdftex.def)             Requested size: 537.50316pt x 760.63474pt.
 [82 </home/gc/Documents/writeup/axiomatic_approximation.pdf>]
<axiomatic_approximation.pdf, id=514, page=4, 597.23125pt x 845.1575pt>
File: axiomatic_approximation.pdf Graphic file (type pdf)
<use axiomatic_approximation.pdf, page 4>
Package pdftex.def Info: axiomatic_approximation.pdf , page4 used on input line
 634.
(pdftex.def)             Requested size: 537.50316pt x 760.63474pt.
File: axiomatic_approximation.pdf Graphic file (type pdf)
<use axiomatic_approximation.pdf, page 4>
Package pdftex.def Info: axiomatic_approximation.pdf , page4 used on input line
 634.
(pdftex.def)             Requested size: 537.50316pt x 760.63474pt.
File: axiomatic_approximation.pdf Graphic file (type pdf)
<use axiomatic_approximation.pdf, page 4>
Package pdftex.def Info: axiomatic_approximation.pdf , page4 used on input line
 634.
(pdftex.def)             Requested size: 537.50316pt x 760.63474pt.
 [83 </home/gc/Documents/writeup/axiomatic_approximation.pdf>]
<axiomatic_approximation.pdf, id=518, page=5, 597.23125pt x 845.1575pt>
File: axiomatic_approximation.pdf Graphic file (type pdf)
<use axiomatic_approximation.pdf, page 5>
Package pdftex.def Info: axiomatic_approximation.pdf , page5 used on input line
 634.
(pdftex.def)             Requested size: 537.50316pt x 760.63474pt.
File: axiomatic_approximation.pdf Graphic file (type pdf)
<use axiomatic_approximation.pdf, page 5>
Package pdftex.def Info: axiomatic_approximation.pdf , page5 used on input line
 634.
(pdftex.def)             Requested size: 537.50316pt x 760.63474pt.
File: axiomatic_approximation.pdf Graphic file (type pdf)
<use axiomatic_approximation.pdf, page 5>
Package pdftex.def Info: axiomatic_approximation.pdf , page5 used on input line
 634.
(pdftex.def)             Requested size: 537.50316pt x 760.63474pt.
 [84 </home/gc/Documents/writeup/axiomatic_approximation.pdf>]
<axiomatic_approximation.pdf, id=522, page=6, 597.23125pt x 845.1575pt>
File: axiomatic_approximation.pdf Graphic file (type pdf)
<use axiomatic_approximation.pdf, page 6>
Package pdftex.def Info: axiomatic_approximation.pdf , page6 used on input line
 634.
(pdftex.def)             Requested size: 537.50316pt x 760.63474pt.
File: axiomatic_approximation.pdf Graphic file (type pdf)
<use axiomatic_approximation.pdf, page 6>
Package pdftex.def Info: axiomatic_approximation.pdf , page6 used on input line
 634.
(pdftex.def)             Requested size: 537.50316pt x 760.63474pt.
File: axiomatic_approximation.pdf Graphic file (type pdf)
<use axiomatic_approximation.pdf, page 6>
Package pdftex.def Info: axiomatic_approximation.pdf , page6 used on input line
 634.
(pdftex.def)             Requested size: 537.50316pt x 760.63474pt.

[85 </home/gc/Documents/writeup/axiomatic_approximation.pdf>]
<axiomatic_approximation.pdf, id=527, page=7, 597.23125pt x 845.1575pt>
File: axiomatic_approximation.pdf Graphic file (type pdf)
<use axiomatic_approximation.pdf, page 7>
Package pdftex.def Info: axiomatic_approximation.pdf , page7 used on input line
 634.
(pdftex.def)             Requested size: 537.50316pt x 760.63474pt.
File: axiomatic_approximation.pdf Graphic file (type pdf)
<use axiomatic_approximation.pdf, page 7>
Package pdftex.def Info: axiomatic_approximation.pdf , page7 used on input line
 634.
(pdftex.def)             Requested size: 537.50316pt x 760.63474pt.
File: axiomatic_approximation.pdf Graphic file (type pdf)
<use axiomatic_approximation.pdf, page 7>
Package pdftex.def Info: axiomatic_approximation.pdf , page7 used on input line
 634.
(pdftex.def)             Requested size: 537.50316pt x 760.63474pt.
 [86 </home/gc/Documents/writeup/axiomatic_approximation.pdf>]
<axiomatic_approximation.pdf, id=531, page=8, 597.23125pt x 845.1575pt>
File: axiomatic_approximation.pdf Graphic file (type pdf)
<use axiomatic_approximation.pdf, page 8>
Package pdftex.def Info: axiomatic_approximation.pdf , page8 used on input line
 634.
(pdftex.def)             Requested size: 537.50316pt x 760.63474pt.
File: axiomatic_approximation.pdf Graphic file (type pdf)
<use axiomatic_approximation.pdf, page 8>
Package pdftex.def Info: axiomatic_approximation.pdf , page8 used on input line
 634.
(pdftex.def)             Requested size: 537.50316pt x 760.63474pt.
File: axiomatic_approximation.pdf Graphic file (type pdf)
<use axiomatic_approximation.pdf, page 8>
Package pdftex.def Info: axiomatic_approximation.pdf , page8 used on input line
 634.
(pdftex.def)             Requested size: 537.50316pt x 760.63474pt.
 [87 </home/gc/Documents/writeup/axiomatic_approximation.pdf>]
<axiomatic_approximation.pdf, id=535, page=9, 597.23125pt x 845.1575pt>
File: axiomatic_approximation.pdf Graphic file (type pdf)
<use axiomatic_approximation.pdf, page 9>
Package pdftex.def Info: axiomatic_approximation.pdf , page9 used on input line
 634.
(pdftex.def)             Requested size: 537.50316pt x 760.63474pt.
File: axiomatic_approximation.pdf Graphic file (type pdf)
<use axiomatic_approximation.pdf, page 9>
Package pdftex.def Info: axiomatic_approximation.pdf , page9 used on input line
 634.
(pdftex.def)             Requested size: 537.50316pt x 760.63474pt.
File: axiomatic_approximation.pdf Graphic file (type pdf)
<use axiomatic_approximation.pdf, page 9>
Package pdftex.def Info: axiomatic_approximation.pdf , page9 used on input line
 634.
(pdftex.def)             Requested size: 537.50316pt x 760.63474pt.
 [88 </home/gc/Documents/writeup/axiomatic_approximation.pdf>]
<axiomatic_approximation.pdf, id=539, page=10, 597.23125pt x 845.1575pt>
File: axiomatic_approximation.pdf Graphic file (type pdf)
<use axiomatic_approximation.pdf, page 10>
Package pdftex.def Info: axiomatic_approximation.pdf , page10 used on input lin
e 634.
(pdftex.def)             Requested size: 537.50316pt x 760.63474pt.
File: axiomatic_approximation.pdf Graphic file (type pdf)
<use axiomatic_approximation.pdf, page 10>
Package pdftex.def Info: axiomatic_approximation.pdf , page10 used on input lin
e 634.
(pdftex.def)             Requested size: 537.50316pt x 760.63474pt.
File: axiomatic_approximation.pdf Graphic file (type pdf)
<use axiomatic_approximation.pdf, page 10>
Package pdftex.def Info: axiomatic_approximation.pdf , page10 used on input lin
e 634.
(pdftex.def)             Requested size: 537.50316pt x 760.63474pt.
 [89 </home/gc/Documents/writeup/axiomatic_approximation.pdf>]
<axiomatic_approximation.pdf, id=543, page=11, 597.23125pt x 845.1575pt>
File: axiomatic_approximation.pdf Graphic file (type pdf)
<use axiomatic_approximation.pdf, page 11>
Package pdftex.def Info: axiomatic_approximation.pdf , page11 used on input lin
e 634.
(pdftex.def)             Requested size: 537.50316pt x 760.63474pt.
File: axiomatic_approximation.pdf Graphic file (type pdf)
<use axiomatic_approximation.pdf, page 11>
Package pdftex.def Info: axiomatic_approximation.pdf , page11 used on input lin
e 634.
(pdftex.def)             Requested size: 537.50316pt x 760.63474pt.
File: axiomatic_approximation.pdf Graphic file (type pdf)
<use axiomatic_approximation.pdf, page 11>
Package pdftex.def Info: axiomatic_approximation.pdf , page11 used on input lin
e 634.
(pdftex.def)             Requested size: 537.50316pt x 760.63474pt.

[90 </home/gc/Documents/writeup/axiomatic_approximation.pdf>]
<axiomatic_approximation.pdf, id=547, page=12, 597.23125pt x 845.1575pt>
File: axiomatic_approximation.pdf Graphic file (type pdf)
<use axiomatic_approximation.pdf, page 12>
Package pdftex.def Info: axiomatic_approximation.pdf , page12 used on input lin
e 634.
(pdftex.def)             Requested size: 537.50316pt x 760.63474pt.
File: axiomatic_approximation.pdf Graphic file (type pdf)
<use axiomatic_approximation.pdf, page 12>
Package pdftex.def Info: axiomatic_approximation.pdf , page12 used on input lin
e 634.
(pdftex.def)             Requested size: 537.50316pt x 760.63474pt.
File: axiomatic_approximation.pdf Graphic file (type pdf)
<use axiomatic_approximation.pdf, page 12>
Package pdftex.def Info: axiomatic_approximation.pdf , page12 used on input lin
e 634.
(pdftex.def)             Requested size: 537.50316pt x 760.63474pt.
 [91 </home/gc/Documents/writeup/axiomatic_approximation.pdf>]
<axiomatic_approximation.pdf, id=553, page=13, 597.23125pt x 845.1575pt>
File: axiomatic_approximation.pdf Graphic file (type pdf)
<use axiomatic_approximation.pdf, page 13>
Package pdftex.def Info: axiomatic_approximation.pdf , page13 used on input lin
e 634.
(pdftex.def)             Requested size: 537.50316pt x 760.63474pt.
File: axiomatic_approximation.pdf Graphic file (type pdf)
<use axiomatic_approximation.pdf, page 13>
Package pdftex.def Info: axiomatic_approximation.pdf , page13 used on input lin
e 634.
(pdftex.def)             Requested size: 537.50316pt x 760.63474pt.
File: axiomatic_approximation.pdf Graphic file (type pdf)
<use axiomatic_approximation.pdf, page 13>
Package pdftex.def Info: axiomatic_approximation.pdf , page13 used on input lin
e 634.
(pdftex.def)             Requested size: 537.50316pt x 760.63474pt.
 [92 </home/gc/Documents/writeup/axiomatic_approximation.pdf>]
<axiomatic_approximation.pdf, id=557, page=14, 597.23125pt x 845.1575pt>
File: axiomatic_approximation.pdf Graphic file (type pdf)
<use axiomatic_approximation.pdf, page 14>
Package pdftex.def Info: axiomatic_approximation.pdf , page14 used on input lin
e 634.
(pdftex.def)             Requested size: 537.50316pt x 760.63474pt.
File: axiomatic_approximation.pdf Graphic file (type pdf)
<use axiomatic_approximation.pdf, page 14>
Package pdftex.def Info: axiomatic_approximation.pdf , page14 used on input lin
e 634.
(pdftex.def)             Requested size: 537.50316pt x 760.63474pt.
File: axiomatic_approximation.pdf Graphic file (type pdf)
<use axiomatic_approximation.pdf, page 14>
Package pdftex.def Info: axiomatic_approximation.pdf , page14 used on input lin
e 634.
(pdftex.def)             Requested size: 537.50316pt x 760.63474pt.
 [93 </home/gc/Documents/writeup/axiomatic_approximation.pdf>]
<axiomatic_approximation.pdf, id=561, page=15, 597.23125pt x 845.1575pt>
File: axiomatic_approximation.pdf Graphic file (type pdf)
<use axiomatic_approximation.pdf, page 15>
Package pdftex.def Info: axiomatic_approximation.pdf , page15 used on input lin
e 634.
(pdftex.def)             Requested size: 537.50316pt x 760.63474pt.
File: axiomatic_approximation.pdf Graphic file (type pdf)
<use axiomatic_approximation.pdf, page 15>
Package pdftex.def Info: axiomatic_approximation.pdf , page15 used on input lin
e 634.
(pdftex.def)             Requested size: 537.50316pt x 760.63474pt.
File: axiomatic_approximation.pdf Graphic file (type pdf)
<use axiomatic_approximation.pdf, page 15>
Package pdftex.def Info: axiomatic_approximation.pdf , page15 used on input lin
e 634.
(pdftex.def)             Requested size: 537.50316pt x 760.63474pt.
 [94 </home/gc/Documents/writeup/axiomatic_approximation.pdf>]
<axiomatic_approximation.pdf, id=565, page=16, 597.23125pt x 845.1575pt>
File: axiomatic_approximation.pdf Graphic file (type pdf)
<use axiomatic_approximation.pdf, page 16>
Package pdftex.def Info: axiomatic_approximation.pdf , page16 used on input lin
e 634.
(pdftex.def)             Requested size: 537.50316pt x 760.63474pt.
File: axiomatic_approximation.pdf Graphic file (type pdf)
<use axiomatic_approximation.pdf, page 16>
Package pdftex.def Info: axiomatic_approximation.pdf , page16 used on input lin
e 634.
(pdftex.def)             Requested size: 537.50316pt x 760.63474pt.
File: axiomatic_approximation.pdf Graphic file (type pdf)
<use axiomatic_approximation.pdf, page 16>
Package pdftex.def Info: axiomatic_approximation.pdf , page16 used on input lin
e 634.
(pdftex.def)             Requested size: 537.50316pt x 760.63474pt.

[95 </home/gc/Documents/writeup/axiomatic_approximation.pdf>] [96]
(/home/gc/Documents/writeup/writeup.aux) ) 
Here is how much of TeX's memory you used:
 3806 strings out of 480954
 55991 string characters out of 5908242
 377846 words of memory out of 5000000
 20994 multiletter control sequences out of 15000+600000
 410074 words of font info for 50 fonts, out of 8000000 for 9000
 14 hyphenation exceptions out of 8191
 68i,18n,83p,273b,443s stack positions out of 5000i,500n,10000p,200000b,80000s
{/usr/share/texmf-dist/fonts/enc/dvip
s/cm-super/cm-super-ts1.enc}</usr/share/texmf-dist/fonts/type1/public/amsfonts/
cm/cmbx10.pfb></usr/share/texmf-dist/fonts/type1/public/amsfonts/cm/cmbx12.pfb>
</usr/share/texmf-dist/fonts/type1/public/amsfonts/cm/cmmi10.pfb></usr/share/te
xmf-dist/fonts/type1/public/amsfonts/cm/cmr10.pfb></usr/share/texmf-dist/fonts/
type1/public/amsfonts/cm/cmr12.pfb></usr/share/texmf-dist/fonts/type1/public/am
sfonts/cm/cmr7.pfb></usr/share/texmf-dist/fonts/type1/public/amsfonts/cm/cmsy10
.pfb></usr/share/texmf-dist/fonts/type1/public/amsfonts/cm/cmsy7.pfb></usr/shar
e/texmf-dist/fonts/type1/public/cm-super/sfrm1000.pfb>
Output written on /home/gc/Documents/writeup/writeup.pdf (96 pages, 915290 byte
s).
PDF statistics:
 607 PDF objects out of 1000 (max. 8388607)
 361 compressed objects within 4 object streams
 0 named destinations out of 1000 (max. 500000)
 266 words of extra memory for PDF output out of 10000 (max. 10000000)

